<?xml version="1.0" encoding="UTF-8"?>
<!-- Generated by org.testng.reporters.JUnitReportReporter -->
<testsuite hostname="DESKTOP-PL3JL7J" failures="0" tests="4" name="com.appium.tests.CalculatorTest" time="13.441" errors="0" timestamp="2025-04-27T01:42:45 IST" skipped="0">
  <testcase classname="com.appium.tests.CalculatorTest" name="Test_Case_03" time="3.693"/>
  <testcase classname="com.appium.tests.CalculatorTest" name="Test_Case_02" time="3.136"/>
  <testcase classname="com.appium.tests.CalculatorTest" name="Test_Case_01" time="3.310"/>
  <testcase classname="com.appium.tests.CalculatorTest" name="Test_Case_04" time="3.302"/>
</testsuite> <!-- com.appium.tests.CalculatorTest -->
