<?xml version="1.0" encoding="UTF-8"?>
<!-- Generated by org.testng.reporters.JUnitReportReporter -->
<testsuite hostname="DESKTOP-PL3JL7J" failures="0" tests="4" name="com.appium.tests.CalculatorDDT" time="17.057" errors="0" timestamp="2025-04-27T00:45:52 IST" skipped="0">
  <testcase classname="com.appium.tests.CalculatorDDT" name="Test_Case_03" time="3.717"/>
  <testcase classname="com.appium.tests.CalculatorDDT" name="Test_Case_04" time="4.265"/>
  <testcase classname="com.appium.tests.CalculatorDDT" name="Test_Case_02" time="4.226"/>
  <testcase classname="com.appium.tests.CalculatorDDT" name="Test_Case_01" time="4.849"/>
</testsuite> <!-- com.appium.tests.CalculatorDDT -->
